
#This comment is to see if branching works. 
Run options: 

# Running tests:

running test for Quick Sort
unsorted Array
[5, 2, 3, 8, 1, 3, 12, 10, 11, 6]
After while loop
[3, 2, 3, 1]
[8, 5, 12, 10, 11, 6]
After while loop
[1, 2]
[3]
After while loop
[1, 2, 3, 3, 8, 5, 12, 10, 11, 6]
[2]
After while loop
[6, 5]
[12, 10, 11, 8]
After while loop
[5]
[6]
After while loop
[8, 10, 11]
[12]
After while loop
[]
[10, 11]
After while loop
[]
[11]
1
2
3
3
5
6
8
10
11
12
End of test

.

Finished tests in 0.000556s, 1798.4609 tests/s, 1798.4609 assertions/s.

1 tests, 1 assertions, 0 failures, 0 errors, 0 skips
